[debug] [2021-07-27T16:32:16.887Z] ----------------------------------------------------------------------
[debug] [2021-07-27T16:32:16.887Z] Command:       C:\Users\Kanishk\DOWNLO~1\firebase-tools-instant-win(2).exe C:\Users\Kanishk\.cache\firebase\tools\lib\node_modules\firebase-tools\lib\bin\firebase deploy
[debug] [2021-07-27T16:32:16.887Z] CLI Version:   9.16.0
[debug] [2021-07-27T16:32:16.887Z] Platform:      win32
[debug] [2021-07-27T16:32:16.887Z] Node Version:  v12.18.1
[debug] [2021-07-27T16:32:16.895Z] Time:          Tue Jul 27 2021 22:02:16 GMT+0530 (India Standard Time)
[debug] [2021-07-27T16:32:16.895Z] ----------------------------------------------------------------------
[debug] 
[debug] [2021-07-27T16:32:16.976Z] > command requires scopes: ["email","openid","https://www.googleapis.com/auth/cloudplatformprojects.readonly","https://www.googleapis.com/auth/firebase","https://www.googleapis.com/auth/cloud-platform"]
[debug] [2021-07-27T16:32:16.976Z] > authorizing via signed-in user (kanu0704@gmail.com)
[debug] [2021-07-27T16:32:16.976Z] [iam] checking project barcode-34fd8 for permissions ["firebase.projects.get","firebasehosting.sites.update"]
[debug] [2021-07-27T16:32:16.978Z] > refreshing access token with scopes: ["email","https://www.googleapis.com/auth/cloud-platform","https://www.googleapis.com/auth/cloudplatformprojects.readonly","https://www.googleapis.com/auth/firebase","openid"]
[debug] [2021-07-27T16:32:16.978Z] >>> HTTP REQUEST POST https://www.googleapis.com/oauth2/v3/token  
 <request body omitted>
[debug] [2021-07-27T16:32:17.364Z] <<< HTTP RESPONSE 200 {"date":"Tue, 27 Jul 2021 16:32:17 GMT","pragma":"no-cache","cache-control":"no-cache, no-store, max-age=0, must-revalidate","expires":"Mon, 01 Jan 1990 00:00:00 GMT","content-type":"application/json; charset=utf-8","vary":"X-Origin, Referer, Origin,Accept-Encoding","server":"scaffolding on HTTPServer2","x-xss-protection":"0","x-frame-options":"SAMEORIGIN","x-content-type-options":"nosniff","alt-svc":"h3=\":443\"; ma=2592000,h3-29=\":443\"; ma=2592000,h3-T051=\":443\"; ma=2592000,h3-Q050=\":443\"; ma=2592000,h3-Q046=\":443\"; ma=2592000,h3-Q043=\":443\"; ma=2592000,quic=\":443\"; ma=2592000; v=\"46,43\"","accept-ranges":"none","transfer-encoding":"chunked"}
[debug] [2021-07-27T16:32:17.479Z] >>> HTTP REQUEST POST https://cloudresourcemanager.googleapis.com/v1/projects/barcode-34fd8:testIamPermissions  
 {"permissions":["firebase.projects.get","firebasehosting.sites.update"]}
[debug] [2021-07-27T16:32:19.080Z] <<< HTTP RESPONSE 200 {"content-type":"application/json; charset=UTF-8","vary":"X-Origin, Referer, Origin,Accept-Encoding","date":"Tue, 27 Jul 2021 16:32:19 GMT","server":"ESF","cache-control":"private","x-xss-protection":"0","x-frame-options":"SAMEORIGIN","x-content-type-options":"nosniff","server-timing":"gfet4t7; dur=1378","alt-svc":"h3=\":443\"; ma=2592000,h3-29=\":443\"; ma=2592000,h3-T051=\":443\"; ma=2592000,h3-Q050=\":443\"; ma=2592000,h3-Q046=\":443\"; ma=2592000,h3-Q043=\":443\"; ma=2592000,quic=\":443\"; ma=2592000; v=\"46,43\"","accept-ranges":"none","transfer-encoding":"chunked"}
[debug] [2021-07-27T16:32:19.080Z] > refreshing access token with scopes: []
[debug] [2021-07-27T16:32:19.080Z] >>> HTTP REQUEST POST https://www.googleapis.com/oauth2/v3/token  
 <request body omitted>
